Determining if the pthread_create exist failed with the following output:
Change Dir: /BS/dstutz/work/torch/torch-c-article/lib/cpp/gpu/build/CMakeFiles/CMakeTmp

Run Build Command:"/usr/bin/make" "cmTC_eb4bb/fast"
/usr/bin/make -f CMakeFiles/cmTC_eb4bb.dir/build.make CMakeFiles/cmTC_eb4bb.dir/build
make[1]: Entering directory '/BS/dstutz/work/torch/torch-c-article/lib/cpp/gpu/build/CMakeFiles/CMakeTmp'
Building C object CMakeFiles/cmTC_eb4bb.dir/CheckSymbolExists.c.o
/usr/bin/cc    -fPIC    -o CMakeFiles/cmTC_eb4bb.dir/CheckSymbolExists.c.o   -c /BS/dstutz/work/torch/torch-c-article/lib/cpp/gpu/build/CMakeFiles/CMakeTmp/CheckSymbolExists.c
Linking C executable cmTC_eb4bb
/usr/bin/cmake -E cmake_link_script CMakeFiles/cmTC_eb4bb.dir/link.txt --verbose=1
/usr/bin/cc  -fPIC     CMakeFiles/cmTC_eb4bb.dir/CheckSymbolExists.c.o  -o cmTC_eb4bb -rdynamic 
CMakeFiles/cmTC_eb4bb.dir/CheckSymbolExists.c.o: In function `main':
CheckSymbolExists.c:(.text+0x1b): undefined reference to `pthread_create'
collect2: error: ld returned 1 exit status
CMakeFiles/cmTC_eb4bb.dir/build.make:97: recipe for target 'cmTC_eb4bb' failed
make[1]: *** [cmTC_eb4bb] Error 1
make[1]: Leaving directory '/BS/dstutz/work/torch/torch-c-article/lib/cpp/gpu/build/CMakeFiles/CMakeTmp'
Makefile:126: recipe for target 'cmTC_eb4bb/fast' failed
make: *** [cmTC_eb4bb/fast] Error 2

File /BS/dstutz/work/torch/torch-c-article/lib/cpp/gpu/build/CMakeFiles/CMakeTmp/CheckSymbolExists.c:
/* */
#include <pthread.h>

int main(int argc, char** argv)
{
  (void)argv;
#ifndef pthread_create
  return ((int*)(&pthread_create))[argc];
#else
  (void)argc;
  return 0;
#endif
}

Determining if the function pthread_create exists in the pthreads failed with the following output:
Change Dir: /BS/dstutz/work/torch/torch-c-article/lib/cpp/gpu/build/CMakeFiles/CMakeTmp

Run Build Command:"/usr/bin/make" "cmTC_56953/fast"
/usr/bin/make -f CMakeFiles/cmTC_56953.dir/build.make CMakeFiles/cmTC_56953.dir/build
make[1]: Entering directory '/BS/dstutz/work/torch/torch-c-article/lib/cpp/gpu/build/CMakeFiles/CMakeTmp'
Building C object CMakeFiles/cmTC_56953.dir/CheckFunctionExists.c.o
/usr/bin/cc    -fPIC -DCHECK_FUNCTION_EXISTS=pthread_create   -o CMakeFiles/cmTC_56953.dir/CheckFunctionExists.c.o   -c /usr/share/cmake-3.6/Modules/CheckFunctionExists.c
Linking C executable cmTC_56953
/usr/bin/cmake -E cmake_link_script CMakeFiles/cmTC_56953.dir/link.txt --verbose=1
/usr/bin/cc  -fPIC -DCHECK_FUNCTION_EXISTS=pthread_create    CMakeFiles/cmTC_56953.dir/CheckFunctionExists.c.o  -o cmTC_56953 -rdynamic -lpthreads 
/usr/bin/ld: cannot find -lpthreads
collect2: error: ld returned 1 exit status
CMakeFiles/cmTC_56953.dir/build.make:97: recipe for target 'cmTC_56953' failed
make[1]: *** [cmTC_56953] Error 1
make[1]: Leaving directory '/BS/dstutz/work/torch/torch-c-article/lib/cpp/gpu/build/CMakeFiles/CMakeTmp'
Makefile:126: recipe for target 'cmTC_56953/fast' failed
make: *** [cmTC_56953/fast] Error 2


